<?xml version="1.0" encoding="UTF-8"?>
<!-- Generated by org.testng.reporters.JUnitXMLReporter -->
<testsuite ignored="0" hostname="DESKTOP-M6TD4RS" failures="0" tests="3" name="Test" time="9.582" errors="0" timestamp="2025-05-02T15:23:00 EDT">
  <testcase classname="HRM.hrmwebui.TC_LogIn" name="login_Test" time="9.482"/>
  <testcase classname="HRM.hrmwebui.AppTest" name="testFailedLogIn" time="0.004"/>
  <testcase classname="HRM.hrmwebui.AppTest" name="testLogIn" time="0.006"/>
</testsuite> <!-- Test -->
