<?xml version="1.0" encoding="UTF-8"?>
<testng-results ignored="0" total="3" passed="3" failed="0" skipped="0">
  <reporter-output>
  </reporter-output>
  <suite started-at="2025-05-02T15:22:51 EDT" name="Suite" finished-at="2025-05-02T15:23:00 EDT" duration-ms="9582">
    <groups>
    </groups>
    <test started-at="2025-05-02T15:22:51 EDT" name="Test" finished-at="2025-05-02T15:23:00 EDT" duration-ms="9582">
      <class name="HRM.hrmwebui.TC_LogIn">
        <test-method signature="login_Test()[pri:0, instance:HRM.hrmwebui.TC_LogIn@639c2c1d]" started-at="2025-05-02T15:22:51 EDT" name="login_Test" finished-at="2025-05-02T15:23:00 EDT" duration-ms="9482" status="PASS">
          <reporter-output>
          </reporter-output>
        </test-method> <!-- login_Test -->
      </class> <!-- HRM.hrmwebui.TC_LogIn -->
      <class name="HRM.hrmwebui.AppTest">
        <test-method signature="testFailedLogIn()[pri:0, instance:HRM.hrmwebui.AppTest@5e0e82ae]" started-at="2025-05-02T15:23:00 EDT" name="testFailedLogIn" finished-at="2025-05-02T15:23:00 EDT" duration-ms="4" status="PASS">
          <reporter-output>
          </reporter-output>
        </test-method> <!-- testFailedLogIn -->
        <test-method signature="testLogIn()[pri:0, instance:HRM.hrmwebui.AppTest@5e0e82ae]" started-at="2025-05-02T15:23:00 EDT" name="testLogIn" finished-at="2025-05-02T15:23:00 EDT" duration-ms="6" status="PASS">
          <reporter-output>
          </reporter-output>
        </test-method> <!-- testLogIn -->
      </class> <!-- HRM.hrmwebui.AppTest -->
    </test> <!-- Test -->
  </suite> <!-- Suite -->
</testng-results>
